
Inactive Modules:
  1) libffi/3.3     2) python/3.9.6

Due to MODULEPATH changes, the following have been reloaded:
  1) mii/1.1.2

The following have been reloaded with a version change:
  1) StdEnv/2020 => StdEnv/2023           5) libfabric/1.10.1 => libfabric/1.18.0
  2) gcccore/.9.3.0 => gcccore/.12.3      6) openmpi/4.0.3 => openmpi/4.1.5
  3) gentoo/2020 => gentoo/2023           7) ucx/1.8.0 => ucx/1.14.1
  4) imkl/2020.1.217 => imkl/2023.2.0

Read1 before filtering:
total reads: 1000000
total bases: 51000000
Q20 bases: 49462330(96.985%)
Q30 bases: 46934184(92.0278%)
Q40 bases: 17359630(34.0385%)

Read2 before filtering:
total reads: 1000000
total bases: 51000000
Q20 bases: 46396870(90.9743%)
Q30 bases: 42739577(83.8031%)
Q40 bases: 14139611(27.7247%)

Read1 after filtering:
total reads: 927174
total bases: 47280162
Q20 bases: 46253654(97.8289%)
Q30 bases: 44235042(93.5594%)
Q40 bases: 16974236(35.9014%)

Read2 after filtering:
total reads: 927174
total bases: 47280162
Q20 bases: 45471442(96.1745%)
Q30 bases: 42212148(89.2809%)
Q40 bases: 14105876(29.8347%)

Filtering result:
reads passed filter: 1854348
reads failed due to low quality: 145652
reads failed due to too many N: 0
reads failed due to too short: 0
reads with adapter trimmed: 1174
bases trimmed due to adapters: 11654

Duplication rate: 0.8889%

Insert size peak (evaluated by paired-end reads): 70

JSON report: /global/teaching-home/sa3240015/rnaseq_tutorial/2_trim/fastp_reports/SRR11902288_fastp.json
HTML report: /global/teaching-home/sa3240015/rnaseq_tutorial/2_trim/fastp_reports/SRR11902288_fastp.html

fastp -q 20 -l 30 -i /global/teaching-home/sa3240015/rnaseq_tutorial/2_trim/../0_data/raw_reads/SRR11902288_1.fastq.gz -I /global/teaching-home/sa3240015/rnaseq_tutorial/2_trim/../0_data/raw_reads/SRR11902288_2.fastq.gz -o /global/teaching-home/sa3240015/rnaseq_tutorial/2_trim/trimmed_reads/SRR11902288_1.trim.fastq.gz -O /global/teaching-home/sa3240015/rnaseq_tutorial/2_trim/trimmed_reads/SRR11902288_2.trim.fastq.gz -h /global/teaching-home/sa3240015/rnaseq_tutorial/2_trim/fastp_reports/SRR11902288_fastp.html -j /global/teaching-home/sa3240015/rnaseq_tutorial/2_trim/fastp_reports/SRR11902288_fastp.json 
fastp v1.0.1, time used: 7 seconds
