
Inactive Modules:
  1) libffi/3.3

Due to MODULEPATH changes, the following have been reloaded:
  1) mii/1.1.2

The following have been reloaded with a version change:
  1) StdEnv/2020 => StdEnv/2023           5) libfabric/1.10.1 => libfabric/1.18.0
  2) gcccore/.9.3.0 => gcccore/.12.3      6) openmpi/4.0.3 => openmpi/4.1.5
  3) gentoo/2020 => gentoo/2023           7) python/3.9.6 => python/3.11.5
  4) imkl/2020.1.217 => imkl/2023.2.0     8) ucx/1.8.0 => ucx/1.14.1

Settings:
  Output files: "./hisat2_index/GRCm39_index.*.ht2"
  Line rate: 7 (line is 128 bytes)
  Lines per side: 1 (side is 128 bytes)
  Offset rate: 4 (one in 16)
  FTable chars: 10
  Strings: unpacked
  Local offset rate: 3 (one in 8)
  Local fTable chars: 6
  Local sequence length: 57344
  Local sequence overlap between two consecutive indexes: 1024
  Endianness: little
  Actual local endianness: little
  Sanity checking: disabled
  Assertions: disabled
  Random seed: 0
  Sizeofs: void*:8, int:4, long:8, size_t:8
Input files DNA, FASTA:
  ../0_data/gencode/GRCm39.primary_assembly.genome.fa
Reading reference sizes
  Time reading reference sizes: 00:00:24
Calculating joined length
Writing header
Reserving space for joined string
Joining reference sequences
  Time to join reference sequences: 00:00:33
  Time to read SNPs and splice sites: 00:00:03
Generation 0 (2654910240 -> 2654910240 nodes, 0 ranks)
COUNTED NEW NODES: 1
COUNTED TEMP NODES: 0
RESIZED NODES: 12
RESIZED NODES: 0
MADE NEW NODES: 3
Generation 1 (2655189443 -> 2655189443 nodes, 0 ranks)
COUNTED NEW NODES: 1
COUNTED TEMP NODES: 0
RESIZED NODES: 12
RESIZED NODES: 0
MADE NEW NODES: 3
Generation 2 (2655747996 -> 2655747996 nodes, 0 ranks)
COUNTED NEW NODES: 1
COUNTED TEMP NODES: 0
RESIZED NODES: 12
RESIZED NODES: 0
MADE NEW NODES: 3
Generation 3 (2656865632 -> 2656865632 nodes, 0 ranks)
BUILT FROM_INDEX: 7
COUNTED NEW NODES: 1
COUNTED TEMP NODES: 0
RESIZED NODES: 12
RESIZED NODES: 0
MADE NEW NODES: 3
RESIZE NODES: 28
COUNT NUMBER IN EACH BIN: 1
FINISHED FIRST ROUND: 7
3 184960172
7 149609885
8 152749382
7 144212810
3 143439734
39 147990550
7 134660925
16 159577788
39 166094197
8 148284677
8 114604244
8 125938684
3 111108219
39 116682285
7 147373840
7 121872837
3 147125495
6 104293242
2 138525019
146 2
FINISHED RECURSIVE SORTS: 30
SORT NODES: 38
MERGE, UPDATE RANK: 42
Generation 4 (2659103987 -> 2658569200 nodes, 1095102933 ranks)
ALLOCATE FROM_TABLE: 37
COUNT NUMBER IN EACH BIN: 1
FINISHED FIRST ROUND: 8
16 134387252
16 134441034
16 134425883
16 134388669
16 134411833
16 134440413
16 134409808
16 134483507
16 134457951
16 134444620
16 134443793
16 134539219
16 134376700
16 134394941
16 134355339
16 134440433
16 134458406
15 126043636
15 125919749
15 121306014
FINISHED RECURSIVE SORTS: 22
BUILD TABLE: 31
BUILD INDEX: 11
COUNTED NEW NODES: 7
COUNTED TEMP NODES: 0
RESIZED NODES: 13
RESIZED NODES: 0
MADE NEW NODES: 21
MERGEUPDATERANK: 49
TOTAL TIME: 169
Generation 5 (2660783941 -> 2658300840 nodes, 2235048186 ranks)
ALLOCATE FROM_TABLE: 0
COUNT NUMBER IN EACH BIN: 1
FINISHED FIRST ROUND: 9
16 134375919
16 134422864
16 134411018
16 134376776
16 134399098
16 134425008
16 134395397
16 134470741
16 134438817
16 134426593
16 134427289
16 134515445
16 134368146
16 134385677
16 134347370
16 134423334
16 134442365
15 126026851
15 125914744
15 121307388
FINISHED RECURSIVE SORTS: 22
BUILD TABLE: 32
BUILD INDEX: 7
COUNTED NEW NODES: 3
COUNTED TEMP NODES: 0
RESIZED NODES: 0
RESIZED NODES: 0
MADE NEW NODES: 6
MERGEUPDATERANK: 21
TOTAL TIME: 69
Generation 6 (2658512952 -> 2658434165 nodes, 2399813869 ranks)
ALLOCATE FROM_TABLE: 0
COUNT NUMBER IN EACH BIN: 1
FINISHED FIRST ROUND: 9
16 134381488
16 134427125
16 134417362
16 134383052
16 134406454
16 134432111
16 134399450
16 134484773
16 134444577
16 134431138
16 134432940
16 134524948
16 134375400
16 134395050
16 134353762
16 134429144
16 134449878
15 126031322
15 125919585
15 121314606
FINISHED RECURSIVE SORTS: 22
BUILD TABLE: 32
BUILD INDEX: 8
COUNTED NEW NODES: 2
COUNTED TEMP NODES: 0
RESIZED NODES: 0
RESIZED NODES: 0
MADE NEW NODES: 5
MERGEUPDATERANK: 16
TOTAL TIME: 63
Generation 7 (2658643766 -> 2658562973 nodes, 2491576982 ranks)
ALLOCATE FROM_TABLE: 0
COUNT NUMBER IN EACH BIN: 1
FINISHED FIRST ROUND: 8
16 134386249
16 134431421
16 134422817
16 134388724
16 134415263
16 134439776
16 134402245
16 134496194
16 134450720
16 134434894
16 134438440
16 134533799
16 134382650
16 134404439
16 134360141
16 134434612
16 134456696
15 126034714
15 125923304
15 121325875
FINISHED RECURSIVE SORTS: 22
BUILD TABLE: 31
BUILD INDEX: 8
COUNTED NEW NODES: 1
COUNTED TEMP NODES: 0
RESIZED NODES: 0
RESIZED NODES: 0
MADE NEW NODES: 4
MERGEUPDATERANK: 14
TOTAL TIME: 58
Generation 8 (2658761599 -> 2658665714 nodes, 2547747438 ranks)
ALLOCATE FROM_TABLE: 0
COUNT NUMBER IN EACH BIN: 1
FINISHED FIRST ROUND: 8
16 134388003
16 134434948
16 134426294
16 134390594
16 134424909
16 134445686
16 134403132
16 134508104
16 134455143
16 134437821
16 134441642
16 134538597
16 134389179
16 134410516
16 134365587
16 134438498
16 134462173
15 126035221
15 125925953
15 121343714
FINISHED RECURSIVE SORTS: 23
BUILD TABLE: 32
BUILD INDEX: 8
COUNTED NEW NODES: 1
COUNTED TEMP NODES: 0
RESIZED NODES: 0
RESIZED NODES: 0
MADE NEW NODES: 3
MERGEUPDATERANK: 13
TOTAL TIME: 57
Generation 9 (2658839935 -> 2658747939 nodes, 2589850568 ranks)
ALLOCATE FROM_TABLE: 0
COUNT NUMBER IN EACH BIN: 1
FINISHED FIRST ROUND: 8
16 134389526
16 134437044
16 134427469
16 134391973
16 134433192
16 134451431
16 134403317
16 134521642
16 134456381
16 134438992
16 134443130
16 134537391
16 134394600
16 134414306
16 134370745
16 134440230
16 134466159
15 126035093
15 125927528
15 121367790
FINISHED RECURSIVE SORTS: 22
BUILD TABLE: 31
BUILD INDEX: 8
COUNTED NEW NODES: 1
COUNTED TEMP NODES: 0
RESIZED NODES: 0
RESIZED NODES: 0
MADE NEW NODES: 2
MERGEUPDATERANK: 12
TOTAL TIME: 54
Generation 10 (2658905015 -> 2658837285 nodes, 2619101558 ranks)
ALLOCATE FROM_TABLE: 0
COUNT NUMBER IN EACH BIN: 1
FINISHED FIRST ROUND: 8
16 134389665
16 134436733
16 134431598
16 134392638
16 134440548
16 134458834
16 134403398
16 134539616
16 134457115
16 134439644
16 134444128
16 134535924
16 134397260
16 134417019
16 134376203
16 134443571
16 134471368
15 126035319
15 125930229
15 121396475
FINISHED RECURSIVE SORTS: 22
BUILD TABLE: 31
BUILD INDEX: 11
COUNTED NEW NODES: 1
COUNTED TEMP NODES: 0
RESIZED NODES: 0
RESIZED NODES: 0
MADE NEW NODES: 2
MERGEUPDATERANK: 11
TOTAL TIME: 56
Generation 11 (2658992711 -> 2658938600 nodes, 2636537858 ranks)
ALLOCATE FROM_TABLE: 0
COUNT NUMBER IN EACH BIN: 1
FINISHED FIRST ROUND: 8
16 134390072
16 134435448
16 134439519
16 134393745
16 134449390
16 134466138
16 134404251
16 134561125
16 134457653
16 134439726
16 134443762
16 134535636
16 134398125
16 134419864
16 134385162
16 134444883
16 134477038
15 126036279
15 125933450
15 121427334
FINISHED RECURSIVE SORTS: 22
BUILD TABLE: 31
BUILD INDEX: 8
COUNTED NEW NODES: 1
COUNTED TEMP NODES: 0
RESIZED NODES: 12
RESIZED NODES: 0
MADE NEW NODES: 2
MERGEUPDATERANK: 11
TOTAL TIME: 65
Generation 12 (2659104635 -> 2659052233 nodes, 2645653826 ranks)
ALLOCATE FROM_TABLE: 0
COUNT NUMBER IN EACH BIN: 1
FINISHED FIRST ROUND: 8
16 134391868
16 134435371
16 134452770
16 134395793
16 134466371
16 134469124
16 134406299
16 134588574
16 134456618
16 134439726
16 134443370
16 134535525
16 134398398
16 134422214
16 134404810
16 134446931
16 134478921
15 126036401
15 125936066
15 121447083
FINISHED RECURSIVE SORTS: 22
BUILD TABLE: 31
BUILD INDEX: 11
COUNTED NEW NODES: 0
COUNTED TEMP NODES: 0
RESIZED NODES: 0
RESIZED NODES: 0
MADE NEW NODES: 2
MERGEUPDATERANK: 11
TOTAL TIME: 55
Generation 13 (2659251426 -> 2659187554 nodes, 2651024714 ranks)
ALLOCATE FROM_TABLE: 0
COUNT NUMBER IN EACH BIN: 1
FINISHED FIRST ROUND: 8
16 134391868
16 134435371
16 134477346
16 134399889
16 134488906
16 134472394
16 134410395
16 134619843
16 134456265
16 134439726
16 134443370
16 134535525
16 134398398
16 134420482
16 134444403
16 134449153
16 134481896
15 126036401
15 125944258
15 121441665
FINISHED RECURSIVE SORTS: 22
BUILD TABLE: 31
BUILD INDEX: 8
COUNTED NEW NODES: 1
COUNTED TEMP NODES: 0
RESIZED NODES: 12
RESIZED NODES: 0
MADE NEW NODES: 2
MERGEUPDATERANK: 10
TOTAL TIME: 64
Generation 14 (2659410933 -> 2659350594 nodes, 2654865710 ranks)
ALLOCATE FROM_TABLE: 0
COUNT NUMBER IN EACH BIN: 1
FINISHED FIRST ROUND: 9
16 134391868
16 134435371
16 134517722
16 134403310
16 134493334
16 134472387
16 134410646
16 134640418
16 134456265
16 134439726
16 134443370
16 134535525
16 134398398
16 134420482
16 134518131
16 134449153
16 134486472
15 126036401
15 125960642
15 121440973
FINISHED RECURSIVE SORTS: 21
BUILD TABLE: 31
BUILD INDEX: 8
COUNTED NEW NODES: 1
COUNTED TEMP NODES: 0
RESIZED NODES: 0
RESIZED NODES: 0
MADE NEW NODES: 2
MERGEUPDATERANK: 11
TOTAL TIME: 53
Generation 15 (2659654868 -> 2659563572 nodes, 2657945349 ranks)
ALLOCATE FROM_TABLE: 0
COUNT NUMBER IN EACH BIN: 1
FINISHED FIRST ROUND: 8
16 134391868
16 134435371
16 134559111
16 134403310
16 134484864
16 134487756
16 134410646
16 134626620
16 134456265
16 134439726
16 134443370
16 134535525
16 134398398
16 134420482
16 134663437
16 134449153
16 134486472
15 126036401
15 125993410
15 121441387
FINISHED RECURSIVE SORTS: 22
BUILD TABLE: 31
BUILD INDEX: 8
COUNTED NEW NODES: 1
COUNTED TEMP NODES: 0
RESIZED NODES: 12
RESIZED NODES: 0
MADE NEW NODES: 2
MERGEUPDATERANK: 10
TOTAL TIME: 64
Generation 16 (2659873235 -> 2659710543 nodes, 2659422340 ranks)
ALLOCATE FROM_TABLE: 0
COUNT NUMBER IN EACH BIN: 1
FINISHED FIRST ROUND: 9
16 134391868
16 134435371
16 134541464
16 134403310
16 134461475
16 134497077
16 134410646
16 134604248
16 134456265
16 134439726
16 134443370
16 134535525
16 134398398
16 134420482
16 134858475
16 134449153
16 134486472
15 126036401
15 126017091
15 121423726
FINISHED RECURSIVE SORTS: 21
BUILD TABLE: 31
BUILD INDEX: 8
COUNTED NEW NODES: 1
COUNTED TEMP NODES: 0
RESIZED NODES: 0
RESIZED NODES: 0
MADE NEW NODES: 2
MERGEUPDATERANK: 11
TOTAL TIME: 53
Generation 17 (2659788638 -> 2659682631 nodes, 2659678486 ranks)
ALLOCATE FROM_TABLE: 0
COUNT NUMBER IN EACH BIN: 0
FINISHED FIRST ROUND: 9
16 134391868
16 134435371
16 134541464
16 134403310
16 134461475
16 134497077
16 134410646
16 134604248
16 134456265
16 134439726
16 134443370
16 134535525
16 134398398
16 134420482
16 134830610
16 134449153
16 134486472
15 126036401
15 126017091
15 121423679
FINISHED RECURSIVE SORTS: 22
BUILD TABLE: 31
BUILD INDEX: 9
COUNTED NEW NODES: 1
COUNTED TEMP NODES: 0
RESIZED NODES: 0
RESIZED NODES: 0
MADE NEW NODES: 2
MERGEUPDATERANK: 9
TOTAL TIME: 52
Generation 18 (2659682814 -> 2659678486 nodes, 2659678486 ranks)
COUNT NUMBER IN EACH BIN: 1
FINISHED FIRST ROUND: 8
16 134391868
16 134435371
16 134541464
16 134403310
16 134461475
16 134497077
16 134410646
16 134604248
16 134456265
16 134439726
16 134443370
16 134535525
16 134398398
16 134420482
16 134830610
16 134449153
16 134486472
15 126036401
15 126017091
15 121419534
FINISHED RECURSIVE SORTS: 19
Generating edges... 
NODE.TO -> GENOME POS: 7
BUILD FROM_INDEX 7
COUNTED NEW EDGES: 3
MADE NEW EDGES: 17
COUNT NUMBER IN EACH BIN: 0
FINISHED FIRST ROUND: 2
13 40127589
13 39521164
16 40022288
16 38623639
16 40037801
16 38948439
15 39884671
18 40328087
20 38540561
19 40662275
12 39396321
13 40197090
13 38707352
14 38019890
15 37762568
15 39156313
20 37189109
17 36493424
18 36154863
19 35455504
FINISHED RECURSIVE SORTS: 5
COUNT NUMBER IN EACH BIN: 0
FINISHED FIRST ROUND: 1
16 27788182
16 31154520
12 29733240
12 27660221
12 29428523
13 27478770
13 27653979
14 29412992
13 28092768
13 27589235
13 27017541
23 26856331
59 26934812
15 27416560
12 27665432
12 28689153
11 27536775
13 26743073
12 25270452
14 24152945
FINISHED RECURSIVE SORTS: 4
COUNT NUMBER IN EACH BIN: 0
FINISHED FIRST ROUND: 1
16 29465257
15 27864709
17 29073704
14 29340776
17 28376711
18 28506278
18 28387891
17 28670002
17 28637678
15 27867047
13 28446087
13 28380080
13 28107010
14 27773202
16 25971672
17 26136089
19 27757446
15 25603867
16 25571679
18 24382268
FINISHED RECURSIVE SORTS: 4
COUNT NUMBER IN EACH BIN: 0
FINISHED FIRST ROUND: 1
24 40770250
22 40104116
25 40159815
18 39674132
18 39423739
17 40121960
15 39616806
14 39203412
15 40100536
15 39949622
14 40246532
12 37488194
11 40201701
13 37407565
16 39277281
14 38713078
17 37408172
14 36441004
12 35730097
12 34097812
FINISHED RECURSIVE SORTS: 6
SORTED NEW EDGES: 34
COUNT NUMBER IN EACH BIN: 1
FINISHED FIRST ROUND: 7
16 134217728
16 134217728
16 134217728
16 134217728
16 134217728
16 134217728
16 134217728
16 134217728
16 134217728
16 134217728
16 134217728
16 134217728
16 134217728
16 134217728
16 134217728
16 134217728
16 134217728
16 134217728
15 125829120
15 117930262
FINISHED RECURSIVE SORTS: 20
RE-SORTED NODES: 43
PROCESS EDGES: 10
REMOVE Y: 4
COUNT NUMBER IN EACH BIN: 1
FINISHED FIRST ROUND: 2
16 134219997
16 134221422
16 134241498
16 134263187
16 134226665
16 134221987
16 134244381
16 134239814
16 134255320
16 134253521
16 134228095
16 134229936
16 134237393
16 134226504
16 134222028
16 134221141
16 134221043
16 134220547
15 125832185
15 117933066
FINISHED RECURSIVE SORTS: 13
SORT, Make index: 32
TOTAL: 157
Allocating ftab, absorbFtab
Entering GFM loop
Exited GFM loop
fchr[A]: 0
fchr[C]: 775228948
fchr[G]: 1329504452
fchr[T]: 1883823905
fchr[$]: 2659959729
Exiting GFM::buildToDisk()
Returning from initFromVector
Wrote 1641098286 bytes to primary GFM file: ./hisat2_index/GRCm39_index.1.ht2
Wrote 664919628 bytes to secondary GFM file: ./hisat2_index/GRCm39_index.2.ht2
Re-opening _in1 and _in2 as input streams
Returning from GFM constructor
Returning from initFromVector
Wrote 1527567251 bytes to primary GFM file: ./hisat2_index/GRCm39_index.5.ht2
Wrote 676123264 bytes to secondary GFM file: ./hisat2_index/GRCm39_index.6.ht2
Re-opening _in5 and _in5 as input streams
Returning from HGFM constructor
Headers:
    len: 2654621783
    gbwtLen: 2659959730
    nodes: 2659678485
    sz: 1327310892
    gbwtSz: 1329979866
    lineRate: 7
    offRate: 4
    offMask: 0xfffffff0
    ftabChars: 10
    eftabLen: 0
    eftabSz: 0
    ftabLen: 1048577
    ftabSz: 4194308
    offsLen: 166229906
    offsSz: 664919624
    lineSz: 128
    sideSz: 128
    sideGbwtSz: 104
    sideGbwtLen: 208
    numSides: 12788268
    numLines: 12788268
    gbwtTotLen: 1636898304
    gbwtTotSz: 1636898304
    reverse: 0
    linearFM: No
Total time for call to driver() for forward index: 00:54:18
